# This file was automatically created by FeynRules 2.3.36
# Mathematica version: 11.3.0 for Linux x86 (64-bit) (March 7, 2018)
# Date: Fri 13 Dec 2019 21:46:08


# 
# This is the logfile for the model Zee Model

# Authors: Yang Ma
# Model version: 1.0.0
# Checking the Quantum numbers
   * Electric charge defined.
# Checking the Lagrangians
   * All Lagrangians are ok.
#
# Particle definitions
#

   * No particles removed. All particles correspond to GenInt setup.

# Automatically assigned PDG numbers
   * Assigned PDG number 9000001 to particle ghA
   * Assigned PDG number 9000002 to particle ghZ
   * Assigned PDG number 9000003 to particle ghWp
   * Assigned PDG number 9000004 to particle ghWm


# Compulsory PDG codes:
   * Class SM leptons complete.
   * Class SM neutrinos complete.
   * Class SM quarks complete.
   * Class SM gauge bosons complete.
#
# Parameter definitions
#

   * All parameters are ok.


# Vertices
   * Calling FeynmanRules for 1 Lagrangians.
   * Number of classes vertices: 417
   * Number of flavored vertices: 465
   * Saved vertices in InterfaceRun[ 1 ].
   * Checked QNumber conservation.
      - Quantum number GhostNumber conserved in all vertices.
      - Quantum number LeptonNumber conserved in all vertices.
      - Quantum number Q conserved in all vertices.
      - Quantum number Y conserved in all vertices.
   * particles.py written.
   * parameters.py written.
#
# Vertex definitions
#

   * 499 vertices written.
   * vertices.py written.
#
# Lorentz structure definitions
#

   * 37 lorentz structures written.
   * lorentz.py written.
#
# Coupling definitions
#

   >>>> Non positive interaction order QED found for coupling GC_264.
   >>>> Non positive interaction order QED found for coupling GC_265.
   >>>> Non positive interaction order QED found for coupling GC_272.
   >>>> Non positive interaction order QED found for coupling GC_273.
   >>>> Non positive interaction order QED found for coupling GC_276.
   >>>> Non positive interaction order QED found for coupling GC_279.
   >>>> Non positive interaction order QED found for coupling GC_284.
   >>>> Non positive interaction order QED found for coupling GC_285.
   >>>> Non positive interaction order QED found for coupling GC_286.
   >>>> Non positive interaction order QED found for coupling GC_287.
   >>>> Non positive interaction order QED found for coupling GC_288.
   >>>> Non positive interaction order QED found for coupling GC_289.
   * 397 couplings written.
   * couplings.py written.
#
# Coupling order definitions
#

   * 0 couplings orders written.
   * coupling_orders.py written.
#
# Decay definitions
#

   * 16 decays written.
   * decay.py not written
#
# CTCoupling definitions
#

   * 368 CTcouplings written.
   * CT_couplings.py written.
#
# CTVertex definitions
#

   * 143 CTvertices written.
   * CT_vertices.py written.
