# This file was automatically created by FeynRules 2.3.36
# Mathematica version: 11.3.0 for Linux x86 (64-bit) (March 7, 2018)
# Date: Fri 13 Dec 2019 17:08:22


# 
# This is the logfile for the model Zee Model

# Authors: Yang Ma
# Model version: 1.0.0
# Checking the Quantum numbers
   * Electric charge defined.
# Checking the Lagrangians
   * All Lagrangians are ok.
#
# Particle definitions
#

   * No particles removed. All particles correspond to GenInt setup.

# Automatically assigned PDG numbers
   * Assigned PDG number 9000001 to particle ghA
   * Assigned PDG number 9000002 to particle ghZ
   * Assigned PDG number 9000003 to particle ghWp
   * Assigned PDG number 9000004 to particle ghWm


# Compulsory PDG codes:
   * Class SM leptons complete.
   * Class SM neutrinos complete.
   * Class SM quarks complete.
   * Class SM gauge bosons complete.
#
# Parameter definitions
#

   * All parameters are ok.


# Vertices
   * Calling FeynmanRules for 2 Lagrangians.
   * Number of classes vertices: 344
   * Number of flavored vertices: 448
   * Saved vertices in InterfaceRun[ 2 ].
   * Checked QNumber conservation.
      - Quantum number GhostNumber conserved in all vertices.
      - Quantum number LeptonNumber conserved in all vertices.
      - Quantum number Q conserved in all vertices.
      - Quantum number Y conserved in all vertices.
   * particles.py written.
   * parameters.py written.
#
# Vertex definitions
#

   * 502 vertices written.
   * vertices.py written.
#
# Lorentz structure definitions
#

   * 28 lorentz structures written.
   * lorentz.py written.
#
# Coupling definitions
#

   >>>> Non positive interaction order QED found for coupling GC_267.
   >>>> Non positive interaction order QED found for coupling GC_268.
   >>>> Non positive interaction order QED found for coupling GC_275.
   >>>> Non positive interaction order QED found for coupling GC_276.
   >>>> Non positive interaction order QED found for coupling GC_279.
   >>>> Non positive interaction order QED found for coupling GC_282.
   >>>> Non positive interaction order QED found for coupling GC_287.
   >>>> Non positive interaction order QED found for coupling GC_288.
   >>>> Non positive interaction order QED found for coupling GC_289.
   >>>> Non positive interaction order QED found for coupling GC_290.
   >>>> Non positive interaction order QED found for coupling GC_291.
   >>>> Non positive interaction order QED found for coupling GC_292.
   * 399 couplings written.
   * couplings.py written.
#
# Coupling order definitions
#

   * 0 couplings orders written.
   * coupling_orders.py written.
#
# Decay definitions
#

   * 16 decays written.
   * decay.py not written
#
# CTCoupling definitions
#

   * 0 CTcouplings written.
   * CT_couplings.py written.
